===
10s

real	1m35,472s
user	2m35,482s
sys	0m16,901s
===
20s

real	2m25,721s
user	3m55,911s
sys	0m28,641s
===
30s

real	3m19,711s
user	5m11,133s
sys	0m40,012s
===
40s

real	4m20,093s
user	6m40,526s
sys	0m50,631s
===
50s

real	5m14,410s
user	8m1,122s
sys	0m56,651s
===
60s

real	6m13,543s
user	9m17,856s
sys	1m21,231s
===
70s

real	7m25,932s
user	11m12,543s
sys	1m28,384s
===
80s

real	8m22,697s
user	12m32,426s
sys	1m46,253s
===
90s

real	9m33,007s
user	13m52,264s
sys	1m54,929s
===
100s

real	10m24,648s
user	15m13,586s
sys	2m16,662s
===
110s

real	11m22,999s
user	16m54,451s
sys	2m22,161s
===
120s

real	12m31,769s
user	17m58,743s
sys	2m40,060s
===
130s

real	13m50,446s
user	19m45,102s
sys	2m49,424s
===
140s

real	14m36,073s
user	20m59,825s
sys	3m21,063s
===
150s

real	15m43,093s
user	22m30,744s
sys	3m34,503s
===
160s

real	16m58,096s
user	23m52,969s
sys	3m52,241s
===
170s

real	17m44,113s
user	25m13,468s
sys	4m1,379s
===
180s

real	18m25,036s
user	26m37,454s
sys	4m11,958s
